2025-07-03 17:13:26,794 INFO: * Running on local URL:  http://0.0.0.0:7860
2025-07-03 17:13:53,258 INFO: 
Could not create share link. Missing file: C:\Users\Administrator\.cache\huggingface\gradio\frpc\frpc_windows_amd64_v0.3. 

Please check your internet connection. This can happen if your antivirus software blocks the download of this file. You can install manually by following these steps: 

1. Download this file: https://cdn-media.huggingface.co/frpc-gradio-0.3/frpc_windows_amd64.exe
2. Rename the downloaded file to: frpc_windows_amd64_v0.3
3. Move the file to this location: C:\Users\Administrator\.cache\huggingface\gradio\frpc
2025-07-03 17:14:29,109 INFO: Model response: 

{
  "舱体长度": 12000.0,
  "窗户信息": {
    "宽": 1200.0,
    "舱体右侧窗户": {
      "位置": [2, 4, 5]
    },
    "舱体左侧窗户": {
      "位置": [2, 4, 3, 5, 6]
    },
    "偏置": {
      "大小": 2
    }
  }
}
2025-07-03 17:14:32,383 INFO: Received content: 

{
  "舱体长度": 12000.0,
  "窗户信息": {
    "宽": 1200.0,
    "舱体右侧窗户": {
      "位置": [2, 4, 5]
    },
    "舱体左侧窗户": {
      "位置": [2, 4, 3, 5, 6]
    },
    "偏置": {
      "大小": 2
    }
  }
}
2025-07-03 17:14:32,384 INFO: content first char: 

2025-07-03 17:14:32,384 INFO: content first line: 
2025-07-03 17:14:32,384 INFO: Updated content after removing first line: 
{
  "舱体长度": 12000.0,
  "窗户信息": {
    "宽": 1200.0,
    "舱体右侧窗户": {
      "位置": [2, 4, 5]
    },
    "舱体左侧窗户": {
      "位置": [2, 4, 3, 5, 6]
    },
    "偏置": {
      "大小": 2
    }
  }
}
2025-07-03 17:14:32,385 INFO: Parsed content data: {'舱体长度': 12000.0, '窗户信息': {'宽': 1200.0, '舱体右侧窗户': {'位置': [2, 4, 5]}, '舱体左侧窗户': {'位置': [2, 4, 3, 5, 6]}, '偏置': {'大小': 2}}}
2025-07-03 17:14:32,386 INFO: cabin_length: 12000.0
2025-07-03 17:14:32,386 INFO: window_width: 1200.0
2025-07-03 17:14:32,386 INFO: right_loc: [2, 4, 5]
2025-07-03 17:14:32,386 INFO: left_loc: [2, 4, 3, 5, 6]
2025-07-03 17:14:32,386 INFO: offside_num_val: 2
2025-07-03 17:14:46,601 INFO: Received content: 

{
  "舱体长度": 12000.0,
  "窗户信息": {
    "宽": 1200.0,
    "舱体右侧窗户": {
      "位置": [2, 4, 5]
    },
    "舱体左侧窗户": {
      "位置": [2, 4, 3, 5, 6]
    },
    "偏置": {
      "大小": 2
    }
  }
}
2025-07-03 17:14:46,621 INFO: content first char: 

2025-07-03 17:14:46,622 INFO: content first line: 
2025-07-03 17:14:46,622 INFO: Updated content after removing first line: 
{
  "舱体长度": 12000.0,
  "窗户信息": {
    "宽": 1200.0,
    "舱体右侧窗户": {
      "位置": [2, 4, 5]
    },
    "舱体左侧窗户": {
      "位置": [2, 4, 3, 5, 6]
    },
    "偏置": {
      "大小": 2
    }
  }
}
2025-07-03 17:14:46,623 INFO: Parsed content data: {'舱体长度': 12000.0, '窗户信息': {'宽': 1200.0, '舱体右侧窗户': {'位置': [2, 4, 5]}, '舱体左侧窗户': {'位置': [2, 4, 3, 5, 6]}, '偏置': {'大小': 2}}}
2025-07-03 17:14:46,623 INFO: Converted content data: {'cabin_length': 12000.0, 'window': {'width': 1200.0, 'right': {'locate': [2, 4, 5]}, 'left': {'locate': [2, 4, 3, 5, 6]}, 'offside': {'num': 2}}}
2025-07-03 17:14:46,624 INFO: Work path: F:/CAE
2025-07-03 17:14:46,715 INFO: 开始迭代分析，参数如下：
2025-07-03 17:14:46,715 INFO: 舱体长度：12000.0mm
2025-07-03 17:14:46,716 INFO: 窗户宽度：500.0mm
2025-07-03 17:14:46,716 INFO: 舱体左侧窗户位置：[2, 4, 3, 5, 6]
2025-07-03 17:14:46,716 INFO: 舱体右侧窗户位置：[2, 4, 5]
2025-07-03 17:14:46,717 INFO: 舱体对侧窗户数量：2
2025-07-03 17:14:46,717 INFO: 
[窗宽 500.0 第 0 轮迭代] 创建目录 F:/CAE\iter_500.0_0_20250703_171446 运行计算，初始截面配置: ['SHS 150x4', 'HM 150x100', 'HN 100x50', 'C 80x40x20x2.5']
2025-07-03 17:14:46,761 INFO: [窗宽 500.0 第 0 轮迭代] 等待模型创建...
2025-07-03 17:18:11,559 INFO: 构件最大应力：
2025-07-03 17:18:11,564 INFO:       part_id              type  max_mises  element_label locate  node1  node2  max_deflection  node direction
0  0LpnQNp6wk  "C 80x40x20x2.5"    311.522            437   "+z"     26    817        0.001292   736      "+x"
1  kK0XT0iqoh      "HM 150x100"    183.705           3724   "-y"   3859    159        0.000160  3968      "-z"
2  oDX66EYkIA       "HN 100x50"    325.776           7974   "-x"    351   7789        0.000912  8958      "-y"
3  MvnrbKhXcf       "SHS 150x4"    199.775           1530   "-y"     91   1830        0.000521  1848      "+z"
2025-07-03 17:18:11,564 INFO: 构件最大挠度：
2025-07-03 17:18:11,568 INFO:       part_id              type  max_mises  element_label locate  node1  node2  max_deflection  node direction
0  VV771dSZUa  "C 80x40x20x2.5"    59.6113           4472   "+x"     93   4552        0.002314    93      "+z"
1  04d01U5yYa      "HM 150x100"   170.3540           6701  "mid"    308   6610        0.002893   308      "-y"
2  yhbXvC93a4       "HN 100x50"    45.9846            317   "+z"      5    704        0.000979    21      "+x"
3  XLCrC4b5Wh       "SHS 150x4"   165.7500           6968   "-y"    318   6858        0.001199  9184      "-z"
2025-07-03 17:18:11,568 INFO: 钢板最大应力： 250.648
2025-07-03 17:18:11,569 INFO: [第 0 轮迭代] 分析已完成！总耗时: 204.63 秒（3分24.63秒）

2025-07-03 17:18:11,572 INFO: [窗宽 500.0 第 0 轮迭代] 所有构件满足允许应力 335.0 MPa，最大应力 325.776 MPa。
2025-07-03 17:18:11,573 INFO: 迭代计算总时长: 204.94 秒（3分24.94秒）
2025-07-03 17:18:11,705 INFO: 开始迭代分析，参数如下：
2025-07-03 17:18:11,706 INFO: 舱体长度：12000.0mm
2025-07-03 17:18:11,706 INFO: 窗户宽度：700.0mm
2025-07-03 17:18:11,706 INFO: 舱体左侧窗户位置：[2, 4, 3, 5, 6]
2025-07-03 17:18:11,706 INFO: 舱体右侧窗户位置：[2, 4, 5]
2025-07-03 17:18:11,706 INFO: 舱体对侧窗户数量：2
2025-07-03 17:18:11,707 INFO: 
[窗宽 700.0 第 0 轮迭代] 创建目录 F:/CAE\iter_700.0_0_20250703_171811 运行计算，初始截面配置: ['SHS 150x4', 'HM 150x100', 'HN 100x50', 'C 80x40x20x2.5']
2025-07-03 17:18:11,737 INFO: [窗宽 700.0 第 0 轮迭代] 等待模型创建...
2025-07-03 17:21:08,654 INFO: 构件最大应力：
2025-07-03 17:21:08,656 INFO:       part_id              type  max_mises  element_label locate  node1  node2  max_deflection  node direction
0  0LpnQNp6wk  "C 80x40x20x2.5"    312.962            436   "+z"     22    676        0.001240   595      "+x"
1  B6r7edJuVq      "HM 150x100"    237.488           1234   "-y"   1424     61        0.000299  1434      "+z"
2  oDX66EYkIA       "HN 100x50"    385.964           5133   "-x"    201   5092        0.001245  5148      "-y"
3  tfhnEtocZ8       "SHS 150x4"    265.683           1396   "-y"     71   1577        0.000888  3994      "+z"
2025-07-03 17:21:08,656 INFO: 构件最大挠度：
2025-07-03 17:21:08,658 INFO:       part_id              type  max_mises  element_label locate  node1  node2  max_deflection  node direction
0  Cbg8zwjcb4  "C 80x40x20x2.5"    102.637           3909   "+x"    155   3939        0.003163   155      "+z"
1  fXVKxBmZci      "HM 150x100"    227.370           7524  "mid"    205   7340        0.003900   205      "-y"
2  oDX66EYkIA       "HN 100x50"    385.964           5133   "-x"    201   5092        0.001245  5148      "-y"
3  oSDmZ4f4JK       "SHS 150x4"    210.360           5631   "-y"    189   5563        0.001756  5389      "-z"
2025-07-03 17:21:08,659 INFO: 钢板最大应力： 332.822
2025-07-03 17:21:08,659 INFO: [第 0 轮迭代] 分析已完成！总耗时: 176.75 秒（2分56.75秒）

2025-07-03 17:21:08,663 INFO: [窗宽 700.0 第 0 轮迭代] 以下类别存在应力超限: ['环向次梁']
2025-07-03 17:21:08,664 INFO: [窗宽 700.0 第 0 轮迭代] 环向次梁中构件 ['oDX66EYkIA'] 出现同类别构件中的最大应力，当前环向次梁截面类型 'HN 100x50' 最大应力 385.964 MPa，超出 15.21%。在下轮迭代中将被升级为 'HW 100x100'
2025-07-03 17:21:08,725 INFO: 
[窗宽 700.0 第 1 轮迭代] 创建目录 F:/CAE\iter_700.0_1_20250703_172108 运行计算，更新后的截面配置: ['SHS 150x4', 'HM 150x100', 'HW 100x100', 'C 80x40x20x2.5']
2025-07-03 17:21:08,740 INFO: [窗宽 700.0 第 1 轮迭代] 等待模型创建...
2025-07-03 17:24:05,595 INFO: 构件最大应力：
2025-07-03 17:24:05,599 INFO:       part_id              type  max_mises  element_label locate  node1  node2  max_deflection  node direction
0  0LpnQNp6wk  "C 80x40x20x2.5"    276.894            436   "+z"     22    676        0.000957   592      "+x"
1  jOr3wOcoVo      "HM 150x100"    237.026           1201   "-y"   1393     60        0.000232  6383      "-z"
2  xLt3UUZYqB      "HW 100x100"    230.900           5137   "-x"    201   5096        0.001236  5154      "-y"
3  tfhnEtocZ8       "SHS 150x4"    261.737           1397   "-y"     71   1578        0.000861  3996      "+z"
2025-07-03 17:24:05,599 INFO: 构件最大挠度：
2025-07-03 17:24:05,602 INFO:       part_id              type  max_mises  element_label locate  node1  node2  max_deflection  node direction
0  Cbg8zwjcb4  "C 80x40x20x2.5"    117.666           3911   "+x"    155   3941        0.003057   155      "+z"
1  fXVKxBmZci      "HM 150x100"    228.981           7803  "mid"   7603    205        0.003901   205      "-y"
2  xLt3UUZYqB      "HW 100x100"    230.900           5137   "-x"    201   5096        0.001236  5154      "-y"
3  oSDmZ4f4JK       "SHS 150x4"    209.179           5638   "-y"    189   5570        0.001768  5394      "-z"
2025-07-03 17:24:05,602 INFO: 钢板最大应力： 331.995
2025-07-03 17:24:05,602 INFO: [第 1 轮迭代] 分析已完成！总耗时: 176.62 秒（2分56.62秒）

2025-07-03 17:24:05,606 INFO: [窗宽 700.0 第 1 轮迭代] 所有构件满足允许应力 335.0 MPa，最大应力 276.894 MPa。
2025-07-03 17:24:05,606 INFO: 迭代计算总时长: 354.03 秒（5分54.03秒）
2025-07-03 17:24:05,666 INFO: 开始迭代分析，参数如下：
2025-07-03 17:24:05,666 INFO: 舱体长度：12000.0mm
2025-07-03 17:24:05,666 INFO: 窗户宽度：800.0mm
2025-07-03 17:24:05,666 INFO: 舱体左侧窗户位置：[2, 4, 3, 5, 6]
2025-07-03 17:24:05,666 INFO: 舱体右侧窗户位置：[2, 4, 5]
2025-07-03 17:24:05,666 INFO: 舱体对侧窗户数量：2
2025-07-03 17:24:05,667 INFO: 
[窗宽 800.0 第 0 轮迭代] 创建目录 F:/CAE\iter_800.0_0_20250703_172405 运行计算，初始截面配置: ['SHS 150x4', 'HM 150x100', 'HN 100x50', 'C 80x40x20x2.5']
2025-07-03 17:24:05,695 INFO: [窗宽 800.0 第 0 轮迭代] 等待模型创建...
2025-07-03 17:27:10,772 INFO: 构件最大应力：
2025-07-03 17:27:10,775 INFO:       part_id              type  max_mises  element_label locate  node1  node2  max_deflection  node direction
0  bYqM9kBf7s  "C 80x40x20x2.5"    411.859           2859   "-x"    137   2980        0.001285  8176      "-y"
1  EIYNgSm1CZ      "HM 150x100"    265.686           2447   "-y"   2593    117        0.000321  2603      "+z"
2  oDX66EYkIA       "HN 100x50"    341.660           2888   "-x"    138   3007        0.001401  3070      "-y"
3  tovGau3619       "SHS 150x4"    296.861           2517   "-y"    119   2659        0.001035  1161      "+z"
2025-07-03 17:27:10,775 INFO: 构件最大挠度：
2025-07-03 17:27:10,777 INFO:       part_id              type  max_mises  element_label locate  node1  node2  max_deflection  node direction
0  niGWUI2lul  "C 80x40x20x2.5"    128.419            913   "+x"     59   1153        0.003315    59      "+z"
1  HIe71pO8oP      "HM 150x100"    252.844           8389  "mid"    142   8158        0.004382   142      "-y"
2  oDX66EYkIA       "HN 100x50"    341.660           2888   "-x"    138   3007        0.001401  3070      "-y"
3  h49LEvWHGJ       "SHS 150x4"    233.087           8274   "-y"    236   8050        0.002008  5430      "-z"
2025-07-03 17:27:10,778 INFO: 钢板最大应力： 336.359
2025-07-03 17:27:10,778 INFO: [第 0 轮迭代] 分析已完成！总耗时: 184.92 秒（3分4.92秒）

2025-07-03 17:27:10,781 INFO: [窗宽 800.0 第 0 轮迭代] 以下类别存在应力超限: ['环向支撑梁', '环向次梁']
2025-07-03 17:27:10,782 INFO: [窗宽 800.0 第 0 轮迭代] 环向支撑梁中构件 ['bYqM9kBf7s'] 出现同类别构件中的最大应力，当前环向支撑梁截面类型 'C 80x40x20x2.5' 最大应力 411.859 MPa，超出 22.94%。在下轮迭代中将被升级为 'C 120x50x20x3'
2025-07-03 17:27:10,786 INFO: [窗宽 800.0 第 0 轮迭代] 环向次梁中构件 ['oDX66EYkIA'] 出现同类别构件中的最大应力，当前环向次梁截面类型 'HN 100x50' 最大应力 341.660 MPa，超出 1.99%。在下轮迭代中将被升级为 'HW 100x100'
2025-07-03 17:27:10,851 INFO: 
[窗宽 800.0 第 1 轮迭代] 创建目录 F:/CAE\iter_800.0_1_20250703_172710 运行计算，更新后的截面配置: ['SHS 150x4', 'HM 150x100', 'HW 100x100', 'C 120x50x20x3']
2025-07-03 17:27:10,866 INFO: [窗宽 800.0 第 1 轮迭代] 等待模型创建...
2025-07-03 17:30:11,679 INFO: 构件最大应力：
2025-07-03 17:30:11,682 INFO:       part_id             type  max_mises  element_label locate  node1  node2  max_deflection  node direction
0  l2H1gityxx  "C 120x50x20x3"    243.509           2861   "-x"    137   2982        0.001277  8184      "-y"
1  EIYNgSm1CZ     "HM 150x100"    265.418           2448   "-y"   2594    117        0.000365  2605      "+z"
2  xLt3UUZYqB     "HW 100x100"    203.078           2890   "-x"    138   3009        0.001397  3074      "-y"
3  tovGau3619      "SHS 150x4"    293.347           2518   "-y"    119   2660        0.001023  1162      "+z"
2025-07-03 17:30:11,682 INFO: 构件最大挠度：
2025-07-03 17:30:11,684 INFO:       part_id             type  max_mises  element_label locate  node1  node2  max_deflection  node direction
0  BLWY0we2ag  "C 120x50x20x3"    83.5342            914   "+x"     59   1154        0.003268    59      "+z"
1  HIe71pO8oP     "HM 150x100"   254.5340           8396  "mid"    142   8165        0.004399   142      "-y"
2  xLt3UUZYqB     "HW 100x100"   203.0780           2890   "-x"    138   3009        0.001397  3074      "-y"
3  h49LEvWHGJ      "SHS 150x4"   231.5350           8281   "-y"    236   8057        0.002040  5433      "-z"
2025-07-03 17:30:11,684 INFO: 钢板最大应力： 331.342
2025-07-03 17:30:11,685 INFO: [第 1 轮迭代] 分析已完成！总耗时: 180.66 秒（3分0.66秒）

2025-07-03 17:30:11,688 INFO: [窗宽 800.0 第 1 轮迭代] 所有构件满足允许应力 335.0 MPa，最大应力 293.347 MPa。
2025-07-03 17:30:11,688 INFO: 迭代计算总时长: 366.08 秒（6分6.08秒）
2025-07-03 17:30:11,726 INFO: 开始迭代分析，参数如下：
2025-07-03 17:30:11,727 INFO: 舱体长度：12000.0mm
2025-07-03 17:30:11,727 INFO: 窗户宽度：1000.0mm
2025-07-03 17:30:11,727 INFO: 舱体左侧窗户位置：[2, 4, 3, 5, 6]
2025-07-03 17:30:11,727 INFO: 舱体右侧窗户位置：[2, 4, 5]
2025-07-03 17:30:11,727 INFO: 舱体对侧窗户数量：2
2025-07-03 17:30:11,728 INFO: 
[窗宽 1000.0 第 0 轮迭代] 创建目录 F:/CAE\iter_1000.0_0_20250703_173011 运行计算，初始截面配置: ['SHS 150x4', 'HM 150x100', 'HN 100x50', 'C 80x40x20x2.5']
2025-07-03 17:30:11,752 INFO: [窗宽 1000.0 第 0 轮迭代] 等待模型创建...
2025-07-03 17:33:14,738 INFO: 构件最大应力：
2025-07-03 17:33:14,742 INFO:       part_id              type  max_mises  element_label locate  node1  node2  max_deflection  node direction
0  WCL15Ix110  "C 80x40x20x2.5"    439.885           7780   "-x"    245   7588        0.001495  7665      "-y"
1  TAZAZK931p      "HM 150x100"    322.857           1684   "-y"   1838     72        0.000363  1847      "+z"
2  oDX66EYkIA       "HN 100x50"    381.694           7746   "-x"    247   7556        0.001715  7786      "-y"
3  rXvSLLhA3m       "SHS 150x4"    358.561           1968   "-y"     87   2108        0.000877  2126      "+z"
2025-07-03 17:33:14,743 INFO: 构件最大挠度：
2025-07-03 17:33:14,747 INFO:       part_id              type  max_mises  element_label locate  node1  node2  max_deflection  node direction
0  x87GvFeNjj  "C 80x40x20x2.5"    184.775           3865   "+x"    156   3892        0.003533   156      "+z"
1  12cLuLRZol      "HM 150x100"    307.923           7966  "mid"    257   7764        0.005337   257      "-y"
2  oDX66EYkIA       "HN 100x50"    381.694           7746   "-x"    247   7556        0.001715  7786      "-y"
3  vvenmYAmHE       "SHS 150x4"    279.272           5709   "-y"    193   5639        0.002497  5452      "-z"
2025-07-03 17:33:14,747 INFO: 钢板最大应力： 358.009
2025-07-03 17:33:14,748 INFO: [第 0 轮迭代] 分析已完成！总耗时: 182.76 秒（3分2.76秒）

2025-07-03 17:33:14,752 INFO: [窗宽 1000.0 第 0 轮迭代] 以下类别存在应力超限: ['环向支撑梁', '环向次梁', '框架梁柱']
2025-07-03 17:33:14,753 INFO: [窗宽 1000.0 第 0 轮迭代] 环向支撑梁中构件 ['WCL15Ix110'] 出现同类别构件中的最大应力，当前环向支撑梁截面类型 'C 80x40x20x2.5' 最大应力 439.885 MPa，超出 31.31%。在下轮迭代中将被升级为 'C 120x50x20x3'
2025-07-03 17:33:14,758 INFO: [窗宽 1000.0 第 0 轮迭代] 环向次梁中构件 ['oDX66EYkIA'] 出现同类别构件中的最大应力，当前环向次梁截面类型 'HN 100x50' 最大应力 381.694 MPa，超出 13.94%。在下轮迭代中将被升级为 'HW 100x100'
2025-07-03 17:33:14,759 INFO: [窗宽 1000.0 第 0 轮迭代] 框架梁中构件 ['rXvSLLhA3m'] 出现同类别构件中的最大应力，当前框架梁截面类型 'SHS 150x4' 最大应力 358.561 MPa，超出 7.03%。在下轮迭代中将被升级为 'SHS 150x5'
2025-07-03 17:33:14,817 INFO: 
[窗宽 1000.0 第 1 轮迭代] 创建目录 F:/CAE\iter_1000.0_1_20250703_173314 运行计算，更新后的截面配置: ['SHS 150x5', 'HM 150x100', 'HW 100x100', 'C 120x50x20x3']
2025-07-03 17:33:14,831 INFO: [窗宽 1000.0 第 1 轮迭代] 等待模型创建...
2025-07-03 17:36:11,624 INFO: 构件最大应力：
2025-07-03 17:36:11,627 INFO:       part_id             type  max_mises  element_label locate  node1  node2  max_deflection  node direction
0  zKMFSLTbt8  "C 120x50x20x3"    293.894           7787   "-x"    245   7595        0.001399  7672      "-y"
1  RGV4xKrqSw     "HM 150x100"    318.300            559   "-y"    780     38        0.000540   811      "-z"
2  xLt3UUZYqB     "HW 100x100"    244.523           6310   "+x"   6206    153        0.001625  7793      "-y"
3  FsM6koEp2y      "SHS 150x5"    302.333           1930   "-y"     86   2072        0.001297  3903      "+z"
2025-07-03 17:36:11,627 INFO: 构件最大挠度：
2025-07-03 17:36:11,629 INFO:       part_id             type  max_mises  element_label locate  node1  node2  max_deflection  node direction
0  b3cHANmeIU  "C 120x50x20x3"    117.981           3866   "+x"    156   3893        0.003480   156      "+z"
1  12cLuLRZol     "HM 150x100"    297.881           7973  "mid"    257   7771        0.005081   257      "-y"
2  xLt3UUZYqB     "HW 100x100"    244.523           6310   "+x"   6206    153        0.001625  7793      "-y"
3  9beHcKnQ6K      "SHS 150x5"    239.529           5715   "-y"    193   5645        0.002365  5457      "-z"
2025-07-03 17:36:11,630 INFO: 钢板最大应力： 349.859
2025-07-03 17:36:11,630 INFO: [第 1 轮迭代] 分析已完成！总耗时: 176.64 秒（2分56.64秒）

2025-07-03 17:36:11,632 INFO: [窗宽 1000.0 第 1 轮迭代] 所有构件满足允许应力 335.0 MPa，最大应力 318.300 MPa。
2025-07-03 17:36:11,633 INFO: 迭代计算总时长: 359.94 秒（5分59.94秒）
2025-07-03 17:36:11,675 INFO: 开始迭代分析，参数如下：
2025-07-03 17:36:11,675 INFO: 舱体长度：12000.0mm
2025-07-03 17:36:11,675 INFO: 窗户宽度：1200.0mm
2025-07-03 17:36:11,675 INFO: 舱体左侧窗户位置：[2, 4, 3, 5, 6]
2025-07-03 17:36:11,675 INFO: 舱体右侧窗户位置：[2, 4, 5]
2025-07-03 17:36:11,675 INFO: 舱体对侧窗户数量：2
2025-07-03 17:36:11,676 INFO: 
[窗宽 1200.0 第 0 轮迭代] 创建目录 F:/CAE\iter_1200.0_0_20250703_173611 运行计算，初始截面配置: ['SHS 150x4', 'HM 150x100', 'HN 100x50', 'C 80x40x20x2.5']
2025-07-03 17:36:11,704 INFO: [窗宽 1200.0 第 0 轮迭代] 等待模型创建...
2025-07-03 17:39:39,630 INFO: 构件最大应力：
2025-07-03 17:39:39,633 INFO:       part_id              type  max_mises  element_label locate  node1  node2  max_deflection  node direction
0  9UBdeMNTau  "C 80x40x20x2.5"    503.195           5134   "+x"   5113    114        0.001739  5509      "-y"
1  btnpZqBJEc      "HM 150x100"    383.587           1015   "-y"   1251     27        0.000352  1380      "+z"
2  oDX66EYkIA       "HN 100x50"    421.482           6590   "-x"    205   6488        0.002035  2826      "-y"
3  GRQ61xZ5tM       "SHS 150x4"    424.338           1719   "-y"     46   1911        0.001143  6774      "+z"
2025-07-03 17:39:39,633 INFO: 构件最大挠度：
2025-07-03 17:39:39,635 INFO:       part_id              type  max_mises  element_label locate  node1  node2  max_deflection  node direction
0  PPi5nuP9GF  "C 80x40x20x2.5"    182.378           3857  "mid"   3910   3909        0.003652   167      "+z"
1  SprpunmCOe      "HM 150x100"    365.027           2674  "mid"     41   2799        0.006299    41      "-y"
2  oDX66EYkIA       "HN 100x50"    421.482           6590   "-x"    205   6488        0.002035  2826      "-y"
3  hRqkFcU5Lh       "SHS 150x4"    336.711           7895   "-y"    201   7715        0.002969  8359      "-z"
2025-07-03 17:39:39,636 INFO: 钢板最大应力： 340.509
2025-07-03 17:39:39,636 INFO: [第 0 轮迭代] 分析已完成！总耗时: 207.77 秒（3分27.77秒）

2025-07-03 17:39:39,640 INFO: [窗宽 1200.0 第 0 轮迭代] 以下类别存在应力超限: ['环向支撑梁', '环向主梁', '环向次梁', '框架梁柱']
2025-07-03 17:39:39,641 INFO: [窗宽 1200.0 第 0 轮迭代] 环向支撑梁中构件 ['9UBdeMNTau'] 出现同类别构件中的最大应力，当前环向支撑梁截面类型 'C 80x40x20x2.5' 最大应力 503.195 MPa，超出 50.21%。在下轮迭代中将被升级为 'C 120x50x20x3'
2025-07-03 17:39:39,642 INFO: [窗宽 1200.0 第 0 轮迭代] 环向主梁中构件 ['btnpZqBJEc'] 出现同类别构件中的最大应力，当前环向主梁截面类型 'HM 150x100' 最大应力 383.587 MPa，超出 14.50%。在下轮迭代中将被升级为 'HW 150x150'
2025-07-03 17:39:39,643 INFO: [窗宽 1200.0 第 0 轮迭代] 环向次梁中构件 ['oDX66EYkIA'] 出现同类别构件中的最大应力，当前环向次梁截面类型 'HN 100x50' 最大应力 421.482 MPa，超出 25.82%。在下轮迭代中将被升级为 'HW 100x100'
2025-07-03 17:39:39,644 INFO: [窗宽 1200.0 第 0 轮迭代] 框架梁中构件 ['GRQ61xZ5tM'] 出现同类别构件中的最大应力，当前框架梁截面类型 'SHS 150x4' 最大应力 424.338 MPa，超出 26.67%。在下轮迭代中将被升级为 'SHS 150x5'
2025-07-03 17:39:39,706 INFO: 
[窗宽 1200.0 第 1 轮迭代] 创建目录 F:/CAE\iter_1200.0_1_20250703_173939 运行计算，更新后的截面配置: ['SHS 150x5', 'HW 150x150', 'HW 100x100', 'C 120x50x20x3']
2025-07-03 17:39:39,722 INFO: [窗宽 1200.0 第 1 轮迭代] 等待模型创建...
2025-07-03 17:42:48,530 INFO: 构件最大应力：
2025-07-03 17:42:48,533 INFO:       part_id             type  max_mises  element_label locate  node1  node2  max_deflection  node direction
0  rh47WnOF9L  "C 120x50x20x3"    382.191           5174   "+x"   5153    114        0.001263  5555      "-y"
1  xLt3UUZYqB     "HW 100x100"    219.829           6637   "-x"    205   6535        0.001484  2853      "-y"
2  4U1q2Q0cYt     "HW 150x150"    269.728           1020   "-y"   1256     27        0.000240  1389      "+z"
3  hjqngXlieB      "SHS 150x5"    341.483           1733   "-y"     46   1925        0.000782  6826      "+z"
2025-07-03 17:42:48,533 INFO: 构件最大挠度：
2025-07-03 17:42:48,535 INFO:       part_id             type  max_mises  element_label locate  node1  node2  max_deflection  node direction
0  R4cpk5n01R  "C 120x50x20x3"    108.145           3891  "mid"   3944   3943        0.002649   167      "+z"
1  xLt3UUZYqB     "HW 100x100"    219.829           6637   "-x"    205   6535        0.001484  2853      "-y"
2  GO2Fe5qHmJ     "HW 150x150"    261.517           2701  "mid"     41   2826        0.004613    41      "-y"
3  aE2V7dgAMb      "SHS 150x5"    256.476           7955   "-y"    201   7775        0.002250  8422      "-z"
2025-07-03 17:42:48,536 INFO: 钢板最大应力： 348.855
2025-07-03 17:42:48,536 INFO: [第 1 轮迭代] 分析已完成！总耗时: 188.65 秒（3分8.65秒）

2025-07-03 17:42:48,539 INFO: [窗宽 1200.0 第 1 轮迭代] 以下类别存在应力超限: ['环向支撑梁', '框架梁柱']
2025-07-03 17:42:48,540 INFO: [窗宽 1200.0 第 1 轮迭代] 环向支撑梁中构件 ['rh47WnOF9L'] 出现同类别构件中的最大应力，当前环向支撑梁截面类型 'C 120x50x20x3' 最大应力 382.191 MPa，超出 14.09%。在下轮迭代中将被升级为 'C 200x70x20x2.5'
2025-07-03 17:42:48,542 INFO: [窗宽 1200.0 第 1 轮迭代] 框架梁中构件 ['hjqngXlieB'] 出现同类别构件中的最大应力，当前框架梁截面类型 'SHS 150x5' 最大应力 341.483 MPa，超出 1.94%。在下轮迭代中将被升级为 'SHS 150x6'
2025-07-03 17:42:48,582 INFO: 
[窗宽 1200.0 第 2 轮迭代] 创建目录 F:/CAE\iter_1200.0_2_20250703_174248 运行计算，更新后的截面配置: ['SHS 150x6', 'HW 150x150', 'HW 100x100', 'C 200x70x20x2.5']
2025-07-03 17:42:48,606 INFO: [窗宽 1200.0 第 2 轮迭代] 等待模型创建...
2025-07-03 17:45:50,324 INFO: 构件最大应力：
2025-07-03 17:45:50,327 INFO:       part_id               type  max_mises  element_label locate  node1  node2  max_deflection  node direction
0  82LdEQ771q  "C 200x70x20x2.5"    299.200           5174   "+x"   5153    114        0.001169  5555      "-y"
1  xLt3UUZYqB       "HW 100x100"    209.806           5144   "+x"   5124    113        0.001426  2852      "-y"
2  4U1q2Q0cYt       "HW 150x150"    267.570           1020   "-y"   1256     27        0.000205  1388      "+z"
3  FZz6BK471s        "SHS 150x6"    295.875           1733   "-y"     46   1925        0.000755  6827      "+z"
2025-07-03 17:45:50,328 INFO: 构件最大挠度：
2025-07-03 17:45:50,330 INFO:       part_id               type  max_mises  element_label locate  node1  node2  max_deflection  node direction
0  ULs68LI1hV  "C 200x70x20x2.5"    72.1914           3890  "mid"   3943   3942        0.002611   167      "+z"
1  xLt3UUZYqB       "HW 100x100"   209.8060           5144   "+x"   5124    113        0.001426  2852      "-y"
2  GO2Fe5qHmJ       "HW 150x150"   253.1000           2701  "mid"     41   2826        0.004414    41      "-y"
3  UK9112IEu8        "SHS 150x6"   228.6800           7955   "-y"    201   7775        0.002124  8423      "-z"
2025-07-03 17:45:50,330 INFO: 钢板最大应力： 347.67
2025-07-03 17:45:50,331 INFO: [第 2 轮迭代] 分析已完成！总耗时: 181.50 秒（3分1.50秒）

2025-07-03 17:45:50,334 INFO: [窗宽 1200.0 第 2 轮迭代] 所有构件满足允许应力 335.0 MPa，最大应力 299.200 MPa。
2025-07-03 17:45:50,335 INFO: 迭代计算总时长: 578.70 秒（9分38.70秒）
2025-07-03 17:45:50,680 INFO: Checking for docx file: F:/CAE\方案比选报告.docx
2025-07-03 17:49:58,729 INFO: Reading docx file: F:/CAE
